<?xml version="1.0" encoding="UTF-8" ?>
<testsuite tests="3" failures="0" name="steps.TestRunner" time="20.051" errors="0" skipped="0">
  <properties>
[...]
</properties>
  <testcase classname="feature to test invalid login scenario" name="Check login is unsuccessful with invalid credentials: #1" time="7.783"/>
  <testcase classname="feature to test invalid login scenario" name="Check login is unsuccessful with invalid credentials: #2" time="5.451"/>
  <testcase classname="feature to test valid login scenario" name="Check login is successful with valid credentials:" time="6.817"/>
</testsuite>