<?xml version="1.0" encoding="UTF-8"?>
<testng-results ignored="0" total="1" passed="1" failed="0" skipped="0">
  <reporter-output>
  </reporter-output>
  <suite started-at="2021-03-08T14:05:06 CST" name="Default suite" finished-at="2021-03-08T14:05:09 CST" duration-ms="2505">
    <groups>
    </groups>
    <test started-at="2021-03-08T14:05:06 CST" name="Default test" finished-at="2021-03-08T14:05:09 CST" duration-ms="2505">
      <class name="steps.NewTest">
        <test-method is-config="true" signature="beforeTest()[pri:0, instance:steps.NewTest@7b64240d]" started-at="2021-03-08T14:05:06 CST" name="beforeTest" finished-at="2021-03-08T14:05:06 CST" duration-ms="15" status="PASS">
          <reporter-output>
          </reporter-output>
        </test-method> <!-- beforeTest -->
        <test-method signature="test()[pri:0, instance:steps.NewTest@7b64240d]" started-at="2021-03-08T14:05:06 CST" name="test" finished-at="2021-03-08T14:05:08 CST" duration-ms="2288" status="PASS">
          <reporter-output>
          </reporter-output>
        </test-method> <!-- test -->
        <test-method is-config="true" signature="afterTest()[pri:0, instance:steps.NewTest@7b64240d]" started-at="2021-03-08T14:05:08 CST" name="afterTest" finished-at="2021-03-08T14:05:09 CST" duration-ms="140" status="PASS">
          <reporter-output>
          </reporter-output>
        </test-method> <!-- afterTest -->
      </class> <!-- steps.NewTest -->
    </test> <!-- Default test -->
  </suite> <!-- Default suite -->
</testng-results>
